# JRE version: OpenJDK Runtime Environment Temurin-21.0.8+9 (21.0.8+9) (build 21.0.8+9-LTS)
# Java VM: OpenJDK 64-Bit Server VM Temurin-21.0.8+9 (21.0.8+9-LTS, mixed mode, sharing, tiered, compressed oops, compressed class ptrs, parallel gc, windows-amd64)
GC Precious Log:
 CardTable entry size: 512
 CPUs: 4 total, 4 available
 Memory: 8031M
 Large Page Support: Disabled
 NUMA Support: Disabled
 Compressed Oops: Enabled (32-bit)
 Alignments: Space 512K, Generation 512K, Heap 2M
 Heap Min Capacity: 100M
 Heap Initial Capacity: 100M
 Heap Max Capacity: 2G
 Pre-touch: Disabled
 Parallel Workers: 4
Heap:
 PSYoungGen      total 6144K, used 1540K [0x00000000d5580000, 0x00000000d5d80000, 0x0000000100000000)
  eden space 5632K, 18% used [0x00000000d5580000,0x00000000d56813f8,0x00000000d5b00000)
  from space 512K, 100% used [0x00000000d5d00000,0x00000000d5d80000,0x00000000d5d80000)
  to   space 1024K, 0% used [0x00000000d5b80000,0x00000000d5b80000,0x00000000d5c80000)
 ParOldGen       total 670208K, used 670167K [0x0000000080000000, 0x00000000a8e80000, 0x00000000d5580000)
  object space 670208K, 99% used [0x0000000080000000,0x00000000a8e75de8,0x00000000a8e80000)
 Metaspace       used 88926K, committed 90624K, reserved 1179648K
  class space    used 9035K, committed 9792K, reserved 1048576K
GC Heap History (20 events):
Event: 663.892 GC heap before
{Heap before GC invocations=1975 (full 4):
 PSYoungGen      total 5120K, used 4858K [0x00000000d5580000, 0x00000000d5c00000, 0x0000000100000000)
  eden space 4608K, 100% used [0x00000000d5580000,0x00000000d5a00000,0x00000000d5a00000)
  from space 512K, 48% used [0x00000000d5b80000,0x00000000d5bbe900,0x00000000d5c00000)
  to   space 512K, 0% used [0x00000000d5b00000,0x00000000d5b00000,0x00000000d5b80000)
 ParOldGen       total 664576K, used 664168K [0x0000000080000000, 0x00000000a8900000, 0x00000000d5580000)
  object space 664576K, 99% used [0x0000000080000000,0x00000000a889a1e0,0x00000000a8900000)
 Metaspace       used 88898K, committed 90624K, reserved 1179648K
  class space    used 9035K, committed 9792K, reserved 1048576K
}
Event: 664.026 GC heap after
{Heap after GC invocations=1975 (full 4):
 PSYoungGen      total 6144K, used 496K [0x00000000d5580000, 0x00000000d5d00000, 0x0000000100000000)
  eden space 5632K, 0% used [0x00000000d5580000,0x00000000d5580000,0x00000000d5b00000)
  from space 512K, 96% used [0x00000000d5b00000,0x00000000d5b7c010,0x00000000d5b80000)
  to   space 1024K, 0% used [0x00000000d5c00000,0x00000000d5c00000,0x00000000d5d00000)
 ParOldGen       total 664576K, used 664344K [0x0000000080000000, 0x00000000a8900000, 0x00000000d5580000)
  object space 664576K, 99% used [0x0000000080000000,0x00000000a88c6068,0x00000000a8900000)
 Metaspace       used 88898K, committed 90624K, reserved 1179648K
  class space    used 9035K, committed 9792K, reserved 1048576K
}
Event: 665.656 GC heap before
{Heap before GC invocations=1976 (full 4):
 PSYoungGen      total 6144K, used 6128K [0x00000000d5580000, 0x00000000d5d00000, 0x0000000100000000)
  eden space 5632K, 100% used [0x00000000d5580000,0x00000000d5b00000,0x00000000d5b00000)
  from space 512K, 96% used [0x00000000d5b00000,0x00000000d5b7c010,0x00000000d5b80000)
  to   space 1024K, 0% used [0x00000000d5c00000,0x00000000d5c00000,0x00000000d5d00000)
 ParOldGen       total 664576K, used 664344K [0x0000000080000000, 0x00000000a8900000, 0x00000000d5580000)
  object space 664576K, 99% used [0x0000000080000000,0x00000000a88c6068,0x00000000a8900000)
 Metaspace       used 88898K, committed 90624K, reserved 1179648K
  class space    used 9035K, committed 9792K, reserved 1048576K
}
Event: 665.715 GC heap after
{Heap after GC invocations=1976 (full 4):
 PSYoungGen      total 6656K, used 703K [0x00000000d5580000, 0x00000000d5e80000, 0x0000000100000000)
  eden space 5632K, 0% used [0x00000000d5580000,0x00000000d5580000,0x00000000d5b00000)
  from space 1024K, 68% used [0x00000000d5c00000,0x00000000d5cafc78,0x00000000d5d00000)
  to   space 1024K, 0% used [0x00000000d5b00000,0x00000000d5b00000,0x00000000d5c00000)
 ParOldGen       total 665088K, used 664845K [0x0000000080000000, 0x00000000a8980000, 0x00000000d5580000)
  object space 665088K, 99% used [0x0000000080000000,0x00000000a8943400,0x00000000a8980000)
 Metaspace       used 88898K, committed 90624K, reserved 1179648K
  class space    used 9035K, committed 9792K, reserved 1048576K
}
Event: 666.114 GC heap before
{Heap before GC invocations=1977 (full 4):
 PSYoungGen      total 6656K, used 6334K [0x00000000d5580000, 0x00000000d5e80000, 0x0000000100000000)
  eden space 5632K, 99% used [0x00000000d5580000,0x00000000d5affe18,0x00000000d5b00000)
  from space 1024K, 68% used [0x00000000d5c00000,0x00000000d5cafc78,0x00000000d5d00000)
  to   space 1024K, 0% used [0x00000000d5b00000,0x00000000d5b00000,0x00000000d5c00000)
 ParOldGen       total 665088K, used 664845K [0x0000000080000000, 0x00000000a8980000, 0x00000000d5580000)
  object space 665088K, 99% used [0x0000000080000000,0x00000000a8943400,0x00000000a8980000)
 Metaspace       used 88918K, committed 90624K, reserved 1179648K
  class space    used 9035K, committed 9792K, reserved 1048576K
}
Event: 666.136 GC heap after
{Heap after GC invocations=1977 (full 4):
 PSYoungGen      total 6656K, used 756K [0x00000000d5580000, 0x00000000d5e80000, 0x0000000100000000)
  eden space 5632K, 0% used [0x00000000d5580000,0x00000000d5580000,0x00000000d5b00000)
  from space 1024K, 73% used [0x00000000d5b00000,0x00000000d5bbd310,0x00000000d5c00000)
  to   space 1024K, 0% used [0x00000000d5d80000,0x00000000d5d80000,0x00000000d5e80000)
 ParOldGen       total 667136K, used 666940K [0x0000000080000000, 0x00000000a8b80000, 0x00000000d5580000)
  object space 667136K, 99% used [0x0000000080000000,0x00000000a8b4f0a0,0x00000000a8b80000)
 Metaspace       used 88918K, committed 90624K, reserved 1179648K
  class space    used 9035K, committed 9792K, reserved 1048576K
}
Event: 666.176 GC heap before
{Heap before GC invocations=1978 (full 4):
 PSYoungGen      total 6656K, used 5839K [0x00000000d5580000, 0x00000000d5e80000, 0x0000000100000000)
  eden space 5632K, 90% used [0x00000000d5580000,0x00000000d5a768f8,0x00000000d5b00000)
  from space 1024K, 73% used [0x00000000d5b00000,0x00000000d5bbd310,0x00000000d5c00000)
  to   space 1024K, 0% used [0x00000000d5d80000,0x00000000d5d80000,0x00000000d5e80000)
 ParOldGen       total 667136K, used 666940K [0x0000000080000000, 0x00000000a8b80000, 0x00000000d5580000)
  object space 667136K, 99% used [0x0000000080000000,0x00000000a8b4f0a0,0x00000000a8b80000)
 Metaspace       used 88918K, committed 90624K, reserved 1179648K
  class space    used 9035K, committed 9792K, reserved 1048576K
}
Event: 666.180 GC heap after
{Heap after GC invocations=1978 (full 4):
 PSYoungGen      total 6144K, used 181K [0x00000000d5580000, 0x00000000d5e00000, 0x0000000100000000)
  eden space 5632K, 0% used [0x00000000d5580000,0x00000000d5580000,0x00000000d5b00000)
  from space 512K, 35% used [0x00000000d5d80000,0x00000000d5dad540,0x00000000d5e00000)
  to   space 512K, 0% used [0x00000000d5d00000,0x00000000d5d00000,0x00000000d5d80000)
 ParOldGen       total 667136K, used 666972K [0x0000000080000000, 0x00000000a8b80000, 0x00000000d5580000)
  object space 667136K, 99% used [0x0000000080000000,0x00000000a8b570a0,0x00000000a8b80000)
 Metaspace       used 88918K, committed 90624K, reserved 1179648K
  class space    used 9035K, committed 9792K, reserved 1048576K
}
Event: 680.486 GC heap before
{Heap before GC invocations=1979 (full 4):
 PSYoungGen      total 6144K, used 5813K [0x00000000d5580000, 0x00000000d5e00000, 0x0000000100000000)
  eden space 5632K, 100% used [0x00000000d5580000,0x00000000d5b00000,0x00000000d5b00000)
  from space 512K, 35% used [0x00000000d5d80000,0x00000000d5dad540,0x00000000d5e00000)
  to   space 512K, 0% used [0x00000000d5d00000,0x00000000d5d00000,0x00000000d5d80000)
 ParOldGen       total 667136K, used 666972K [0x0000000080000000, 0x00000000a8b80000, 0x00000000d5580000)
  object space 667136K, 99% used [0x0000000080000000,0x00000000a8b570a0,0x00000000a8b80000)
 Metaspace       used 88919K, committed 90624K, reserved 1179648K
  class space    used 9035K, committed 9792K, reserved 1048576K
}
Event: 680.489 GC heap after
{Heap after GC invocations=1979 (full 4):
 PSYoungGen      total 6144K, used 500K [0x00000000d5580000, 0x00000000d5e00000, 0x0000000100000000)
  eden space 5632K, 0% used [0x00000000d5580000,0x00000000d5580000,0x00000000d5b00000)
  from space 512K, 97% used [0x00000000d5d00000,0x00000000d5d7d200,0x00000000d5d80000)
  to   space 512K, 0% used [0x00000000d5d80000,0x00000000d5d80000,0x00000000d5e00000)
 ParOldGen       total 667136K, used 667004K [0x0000000080000000, 0x00000000a8b80000, 0x00000000d5580000)
  object space 667136K, 99% used [0x0000000080000000,0x00000000a8b5f0a0,0x00000000a8b80000)
 Metaspace       used 88919K, committed 90624K, reserved 1179648K
  class space    used 9035K, committed 9792K, reserved 1048576K
}
Event: 680.524 GC heap before
{Heap before GC invocations=1980 (full 4):
 PSYoungGen      total 6144K, used 6132K [0x00000000d5580000, 0x00000000d5e00000, 0x0000000100000000)
  eden space 5632K, 100% used [0x00000000d5580000,0x00000000d5b00000,0x00000000d5b00000)
  from space 512K, 97% used [0x00000000d5d00000,0x00000000d5d7d200,0x00000000d5d80000)
  to   space 512K, 0% used [0x00000000d5d80000,0x00000000d5d80000,0x00000000d5e00000)
 ParOldGen       total 667136K, used 667004K [0x0000000080000000, 0x00000000a8b80000, 0x00000000d5580000)
  object space 667136K, 99% used [0x0000000080000000,0x00000000a8b5f0a0,0x00000000a8b80000)
 Metaspace       used 88922K, committed 90624K, reserved 1179648K
  class space    used 9035K, committed 9792K, reserved 1048576K
}
Event: 680.528 GC heap after
{Heap after GC invocations=1980 (full 4):
 PSYoungGen      total 6144K, used 512K [0x00000000d5580000, 0x00000000d5e00000, 0x0000000100000000)
  eden space 5632K, 0% used [0x00000000d5580000,0x00000000d5580000,0x00000000d5b00000)
  from space 512K, 100% used [0x00000000d5d80000,0x00000000d5e00000,0x00000000d5e00000)
  to   space 1536K, 0% used [0x00000000d5b00000,0x00000000d5b00000,0x00000000d5c80000)
 ParOldGen       total 667648K, used 667595K [0x0000000080000000, 0x00000000a8c00000, 0x00000000d5580000)
  object space 667648K, 99% used [0x0000000080000000,0x00000000a8bf2f38,0x00000000a8c00000)
 Metaspace       used 88922K, committed 90624K, reserved 1179648K
  class space    used 9035K, committed 9792K, reserved 1048576K
}
Event: 680.561 GC heap before
{Heap before GC invocations=1981 (full 4):
 PSYoungGen      total 6144K, used 6144K [0x00000000d5580000, 0x00000000d5e00000, 0x0000000100000000)
  eden space 5632K, 100% used [0x00000000d5580000,0x00000000d5b00000,0x00000000d5b00000)
  from space 512K, 100% used [0x00000000d5d80000,0x00000000d5e00000,0x00000000d5e00000)
  to   space 1536K, 0% used [0x00000000d5b00000,0x00000000d5b00000,0x00000000d5c80000)
 ParOldGen       total 667648K, used 667595K [0x0000000080000000, 0x00000000a8c00000, 0x00000000d5580000)
  object space 667648K, 99% used [0x0000000080000000,0x00000000a8bf2f38,0x00000000a8c00000)
 Metaspace       used 88922K, committed 90624K, reserved 1179648K
  class space    used 9035K, committed 9792K, reserved 1048576K
}
Event: 680.570 GC heap after
{Heap after GC invocations=1981 (full 4):
 PSYoungGen      total 7168K, used 379K [0x00000000d5580000, 0x00000000d5e00000, 0x0000000100000000)
  eden space 5632K, 0% used [0x00000000d5580000,0x00000000d5580000,0x00000000d5b00000)
  from space 1536K, 24% used [0x00000000d5b00000,0x00000000d5b5efe8,0x00000000d5c80000)
  to   space 1024K, 0% used [0x00000000d5d00000,0x00000000d5d00000,0x00000000d5e00000)
 ParOldGen       total 668160K, used 668092K [0x0000000080000000, 0x00000000a8c80000, 0x00000000d5580000)
  object space 668160K, 99% used [0x0000000080000000,0x00000000a8c6f2d0,0x00000000a8c80000)
 Metaspace       used 88922K, committed 90624K, reserved 1179648K
  class space    used 9035K, committed 9792K, reserved 1048576K
}
Event: 680.585 GC heap before
{Heap before GC invocations=1982 (full 4):
 PSYoungGen      total 7168K, used 6009K [0x00000000d5580000, 0x00000000d5e00000, 0x0000000100000000)
  eden space 5632K, 99% used [0x00000000d5580000,0x00000000d5aff638,0x00000000d5b00000)
  from space 1536K, 24% used [0x00000000d5b00000,0x00000000d5b5efe8,0x00000000d5c80000)
  to   space 1024K, 0% used [0x00000000d5d00000,0x00000000d5d00000,0x00000000d5e00000)
 ParOldGen       total 668160K, used 668092K [0x0000000080000000, 0x00000000a8c80000, 0x00000000d5580000)
  object space 668160K, 99% used [0x0000000080000000,0x00000000a8c6f2d0,0x00000000a8c80000)
 Metaspace       used 88922K, committed 90624K, reserved 1179648K
  class space    used 9035K, committed 9792K, reserved 1048576K
}
Event: 680.589 GC heap after
{Heap after GC invocations=1982 (full 4):
 PSYoungGen      total 6144K, used 465K [0x00000000d5580000, 0x00000000d5d80000, 0x0000000100000000)
  eden space 5632K, 0% used [0x00000000d5580000,0x00000000d5580000,0x00000000d5b00000)
  from space 512K, 90% used [0x00000000d5d00000,0x00000000d5d746c0,0x00000000d5d80000)
  to   space 512K, 0% used [0x00000000d5c80000,0x00000000d5c80000,0x00000000d5d00000)
 ParOldGen       total 670208K, used 669783K [0x0000000080000000, 0x00000000a8e80000, 0x00000000d5580000)
  object space 670208K, 99% used [0x0000000080000000,0x00000000a8e15f60,0x00000000a8e80000)
 Metaspace       used 88922K, committed 90624K, reserved 1179648K
  class space    used 9035K, committed 9792K, reserved 1048576K
}
Event: 747.507 GC heap before
{Heap before GC invocations=1983 (full 4):
 PSYoungGen      total 6144K, used 6097K [0x00000000d5580000, 0x00000000d5d80000, 0x0000000100000000)
  eden space 5632K, 100% used [0x00000000d5580000,0x00000000d5b00000,0x00000000d5b00000)
  from space 512K, 90% used [0x00000000d5d00000,0x00000000d5d746c0,0x00000000d5d80000)
  to   space 512K, 0% used [0x00000000d5c80000,0x00000000d5c80000,0x00000000d5d00000)
 ParOldGen       total 670208K, used 669783K [0x0000000080000000, 0x00000000a8e80000, 0x00000000d5580000)
  object space 670208K, 99% used [0x0000000080000000,0x00000000a8e15f60,0x00000000a8e80000)
 Metaspace       used 88925K, committed 90624K, reserved 1179648K
  class space    used 9035K, committed 9792K, reserved 1048576K
}
Event: 747.697 GC heap after
{Heap after GC invocations=1983 (full 4):
 PSYoungGen      total 6144K, used 436K [0x00000000d5580000, 0x00000000d5d80000, 0x0000000100000000)
  eden space 5632K, 0% used [0x00000000d5580000,0x00000000d5580000,0x00000000d5b00000)
  from space 512K, 85% used [0x00000000d5c80000,0x00000000d5ced200,0x00000000d5d00000)
  to   space 512K, 0% used [0x00000000d5d00000,0x00000000d5d00000,0x00000000d5d80000)
 ParOldGen       total 670208K, used 669807K [0x0000000080000000, 0x00000000a8e80000, 0x00000000d5580000)
  object space 670208K, 99% used [0x0000000080000000,0x00000000a8e1bf60,0x00000000a8e80000)
 Metaspace       used 88925K, committed 90624K, reserved 1179648K
  class space    used 9035K, committed 9792K, reserved 1048576K
}
Event: 748.051 GC heap before
{Heap before GC invocations=1984 (full 4):
 PSYoungGen      total 6144K, used 6068K [0x00000000d5580000, 0x00000000d5d80000, 0x0000000100000000)
  eden space 5632K, 100% used [0x00000000d5580000,0x00000000d5b00000,0x00000000d5b00000)
  from space 512K, 85% used [0x00000000d5c80000,0x00000000d5ced200,0x00000000d5d00000)
  to   space 512K, 0% used [0x00000000d5d00000,0x00000000d5d00000,0x00000000d5d80000)
 ParOldGen       total 670208K, used 669807K [0x0000000080000000, 0x00000000a8e80000, 0x00000000d5580000)
  object space 670208K, 99% used [0x0000000080000000,0x00000000a8e1bf60,0x00000000a8e80000)
 Metaspace       used 88925K, committed 90624K, reserved 1179648K
  class space    used 9035K, committed 9792K, reserved 1048576K
}
Event: 748.060 GC heap after
{Heap after GC invocations=1984 (full 4):
 PSYoungGen      total 6144K, used 512K [0x00000000d5580000, 0x00000000d5d80000, 0x0000000100000000)
  eden space 5632K, 0% used [0x00000000d5580000,0x00000000d5580000,0x00000000d5b00000)
  from space 512K, 100% used [0x00000000d5d00000,0x00000000d5d80000,0x00000000d5d80000)
  to   space 1024K, 0% used [0x00000000d5b80000,0x00000000d5b80000,0x00000000d5c80000)
 ParOldGen       total 670208K, used 670167K [0x0000000080000000, 0x00000000a8e80000, 0x00000000d5580000)
  object space 670208K, 99% used [0x0000000080000000,0x00000000a8e75de8,0x00000000a8e80000)
 Metaspace       used 88925K, committed 90624K, reserved 1179648K
  class space    used 9035K, committed 9792K, reserved 1048576K
}

